Build started 2/3/2018 9:37:50 AM.
     1>Project "C:\Users\Yang\Documents\Visual Studio 2012\Projects\myGmock\myGmock\myGmock.vcxproj" on node 2 (Build target(s)).
     1>ClCompile:
         C:\Program Files (x86)\Microsoft Visual Studio 11.0\VC\bin\CL.exe /c /I"C:\Users\Yang\Documents\Visual Studio 2012\Projects\myGmock\myGmock" /ZI /nologo /W3 /WX- /sdl /Od /Oy- /D WIN32 /D _DEBUG /D _CONSOLE /D _UNICODE /D UNICODE /Gm /EHsc /RTC1 /MDd /GS /fp:precise /Zc:wchar_t /Zc:forScope /Yu"stdafx.h" /Fp"Debug\myGmock.pch" /Fo"Debug\\" /Fd"Debug\vc110.pdb" /Gd /TP /analyze- /errorReport:prompt myGmock.cpp
         myGmock.cpp
       Link:
         C:\Program Files (x86)\Microsoft Visual Studio 11.0\VC\bin\link.exe /ERRORREPORT:PROMPT /OUT:"C:\Users\Yang\Documents\Visual Studio 2012\Projects\myGmock\Debug\myGmock.exe" /INCREMENTAL /NOLOGO kernel32.lib user32.lib gdi32.lib winspool.lib comdlg32.lib advapi32.lib shell32.lib ole32.lib oleaut32.lib uuid.lib odbc32.lib odbccp32.lib /MANIFEST /MANIFESTUAC:"level='asInvoker' uiAccess='false'" /manifest:embed /DEBUG /PDB:"C:\Users\Yang\Documents\Visual Studio 2012\Projects\myGmock\Debug\myGmock.pdb" /SUBSYSTEM:CONSOLE /TLBID:1 /DYNAMICBASE /NXCOMPAT /IMPLIB:"C:\Users\Yang\Documents\Visual Studio 2012\Projects\myGmock\Debug\myGmock.lib" /MACHINE:X86 Debug\myGmock.obj
         Debug\stdafx.obj
     1>myGmock.obj : error LNK2001: unresolved external symbol "public: virtual void __thiscall Turtles::PenUp(void)" (?PenUp@Turtles@@UAEXXZ)
     1>myGmock.obj : error LNK2001: unresolved external symbol "public: virtual void __thiscall Turtles::PenDown(void)" (?PenDown@Turtles@@UAEXXZ)
     1>myGmock.obj : error LNK2001: unresolved external symbol "public: virtual void __thiscall Turtles::Forward(int)" (?Forward@Turtles@@UAEXH@Z)
     1>myGmock.obj : error LNK2001: unresolved external symbol "public: virtual void __thiscall Turtles::Turn(int)" (?Turn@Turtles@@UAEXH@Z)
     1>myGmock.obj : error LNK2001: unresolved external symbol "public: virtual void __thiscall Turtles::GoTo(int,int)" (?GoTo@Turtles@@UAEXHH@Z)
     1>myGmock.obj : error LNK2001: unresolved external symbol "public: virtual int __thiscall Turtles::GetX(void)const " (?GetX@Turtles@@UBEHXZ)
     1>myGmock.obj : error LNK2001: unresolved external symbol "public: virtual int __thiscall Turtles::GetY(void)const " (?GetY@Turtles@@UBEHXZ)
     1>myGmock.obj : error LNK2019: unresolved external symbol "public: void __thiscall Turtles::drawSquare(int,int,int)" (?drawSquare@Turtles@@QAEXHHH@Z) referenced in function _wmain
     1>C:\Users\Yang\Documents\Visual Studio 2012\Projects\myGmock\Debug\myGmock.exe : fatal error LNK1120: 8 unresolved externals
     1>Done Building Project "C:\Users\Yang\Documents\Visual Studio 2012\Projects\myGmock\myGmock\myGmock.vcxproj" (Build target(s)) -- FAILED.

Build FAILED.

Time Elapsed 00:00:02.03
